Determining if the pthread_create exist failed with the following output:
Change Dir: /home/jyk/stomp_ws/build/ur_description/CMakeFiles/CMakeTmp

Run Build Command:"/usr/bin/make" "cmTC_8e8e0/fast"
/usr/bin/make -f CMakeFiles/cmTC_8e8e0.dir/build.make CMakeFiles/cmTC_8e8e0.dir/build
make[1]: Entering directory '/home/jyk/stomp_ws/build/ur_description/CMakeFiles/CMakeTmp'
Building C object CMakeFiles/cmTC_8e8e0.dir/CheckSymbolExists.c.o
/usr/bin/cc     -o CMakeFiles/cmTC_8e8e0.dir/CheckSymbolExists.c.o   -c /home/jyk/stomp_ws/build/ur_description/CMakeFiles/CMakeTmp/CheckSymbolExists.c
Linking C executable cmTC_8e8e0
/usr/bin/cmake -E cmake_link_script CMakeFiles/cmTC_8e8e0.dir/link.txt --verbose=1
/usr/bin/cc       CMakeFiles/cmTC_8e8e0.dir/CheckSymbolExists.c.o  -o cmTC_8e8e0 -rdynamic 
CMakeFiles/cmTC_8e8e0.dir/CheckSymbolExists.c.o: In function `main':
CheckSymbolExists.c:(.text+0x16): undefined reference to `pthread_create'
collect2: error: ld returned 1 exit status
CMakeFiles/cmTC_8e8e0.dir/build.make:97: recipe for target 'cmTC_8e8e0' failed
make[1]: *** [cmTC_8e8e0] Error 1
make[1]: Leaving directory '/home/jyk/stomp_ws/build/ur_description/CMakeFiles/CMakeTmp'
Makefile:126: recipe for target 'cmTC_8e8e0/fast' failed
make: *** [cmTC_8e8e0/fast] Error 2

File /home/jyk/stomp_ws/build/ur_description/CMakeFiles/CMakeTmp/CheckSymbolExists.c:
/* */
#include <pthread.h>

int main(int argc, char** argv)
{
  (void)argv;
#ifndef pthread_create
  return ((int*)(&pthread_create))[argc];
#else
  (void)argc;
  return 0;
#endif
}

Determining if the function pthread_create exists in the pthreads failed with the following output:
Change Dir: /home/jyk/stomp_ws/build/ur_description/CMakeFiles/CMakeTmp

Run Build Command:"/usr/bin/make" "cmTC_10c7a/fast"
/usr/bin/make -f CMakeFiles/cmTC_10c7a.dir/build.make CMakeFiles/cmTC_10c7a.dir/build
make[1]: Entering directory '/home/jyk/stomp_ws/build/ur_description/CMakeFiles/CMakeTmp'
Building C object CMakeFiles/cmTC_10c7a.dir/CheckFunctionExists.c.o
/usr/bin/cc    -DCHECK_FUNCTION_EXISTS=pthread_create   -o CMakeFiles/cmTC_10c7a.dir/CheckFunctionExists.c.o   -c /usr/share/cmake-3.5/Modules/CheckFunctionExists.c
Linking C executable cmTC_10c7a
/usr/bin/cmake -E cmake_link_script CMakeFiles/cmTC_10c7a.dir/link.txt --verbose=1
/usr/bin/cc   -DCHECK_FUNCTION_EXISTS=pthread_create    CMakeFiles/cmTC_10c7a.dir/CheckFunctionExists.c.o  -o cmTC_10c7a -rdynamic -lpthreads 
/usr/bin/ld: cannot find -lpthreads
collect2: error: ld returned 1 exit status
CMakeFiles/cmTC_10c7a.dir/build.make:97: recipe for target 'cmTC_10c7a' failed
make[1]: *** [cmTC_10c7a] Error 1
make[1]: Leaving directory '/home/jyk/stomp_ws/build/ur_description/CMakeFiles/CMakeTmp'
Makefile:126: recipe for target 'cmTC_10c7a/fast' failed
make: *** [cmTC_10c7a/fast] Error 2


