Determining if the pthread_create exist failed with the following output:
Change Dir: /home/jyk/stomp_ws/build/constrained_ik/CMakeFiles/CMakeTmp

Run Build Command:"/usr/bin/make" "cmTC_38915/fast"
/usr/bin/make -f CMakeFiles/cmTC_38915.dir/build.make CMakeFiles/cmTC_38915.dir/build
make[1]: Entering directory '/home/jyk/stomp_ws/build/constrained_ik/CMakeFiles/CMakeTmp'
Building C object CMakeFiles/cmTC_38915.dir/CheckSymbolExists.c.o
/usr/bin/cc     -o CMakeFiles/cmTC_38915.dir/CheckSymbolExists.c.o   -c /home/jyk/stomp_ws/build/constrained_ik/CMakeFiles/CMakeTmp/CheckSymbolExists.c
Linking C executable cmTC_38915
/usr/bin/cmake -E cmake_link_script CMakeFiles/cmTC_38915.dir/link.txt --verbose=1
/usr/bin/cc       CMakeFiles/cmTC_38915.dir/CheckSymbolExists.c.o  -o cmTC_38915 -rdynamic 
CMakeFiles/cmTC_38915.dir/CheckSymbolExists.c.o: In function `main':
CheckSymbolExists.c:(.text+0x16): undefined reference to `pthread_create'
collect2: error: ld returned 1 exit status
CMakeFiles/cmTC_38915.dir/build.make:97: recipe for target 'cmTC_38915' failed
make[1]: *** [cmTC_38915] Error 1
make[1]: Leaving directory '/home/jyk/stomp_ws/build/constrained_ik/CMakeFiles/CMakeTmp'
Makefile:126: recipe for target 'cmTC_38915/fast' failed
make: *** [cmTC_38915/fast] Error 2

File /home/jyk/stomp_ws/build/constrained_ik/CMakeFiles/CMakeTmp/CheckSymbolExists.c:
/* */
#include <pthread.h>

int main(int argc, char** argv)
{
  (void)argv;
#ifndef pthread_create
  return ((int*)(&pthread_create))[argc];
#else
  (void)argc;
  return 0;
#endif
}

Determining if the function pthread_create exists in the pthreads failed with the following output:
Change Dir: /home/jyk/stomp_ws/build/constrained_ik/CMakeFiles/CMakeTmp

Run Build Command:"/usr/bin/make" "cmTC_2949d/fast"
/usr/bin/make -f CMakeFiles/cmTC_2949d.dir/build.make CMakeFiles/cmTC_2949d.dir/build
make[1]: Entering directory '/home/jyk/stomp_ws/build/constrained_ik/CMakeFiles/CMakeTmp'
Building C object CMakeFiles/cmTC_2949d.dir/CheckFunctionExists.c.o
/usr/bin/cc    -DCHECK_FUNCTION_EXISTS=pthread_create   -o CMakeFiles/cmTC_2949d.dir/CheckFunctionExists.c.o   -c /usr/share/cmake-3.5/Modules/CheckFunctionExists.c
Linking C executable cmTC_2949d
/usr/bin/cmake -E cmake_link_script CMakeFiles/cmTC_2949d.dir/link.txt --verbose=1
/usr/bin/cc   -DCHECK_FUNCTION_EXISTS=pthread_create    CMakeFiles/cmTC_2949d.dir/CheckFunctionExists.c.o  -o cmTC_2949d -rdynamic -lpthreads 
/usr/bin/ld: cannot find -lpthreads
collect2: error: ld returned 1 exit status
CMakeFiles/cmTC_2949d.dir/build.make:97: recipe for target 'cmTC_2949d' failed
make[1]: *** [cmTC_2949d] Error 1
make[1]: Leaving directory '/home/jyk/stomp_ws/build/constrained_ik/CMakeFiles/CMakeTmp'
Makefile:126: recipe for target 'cmTC_2949d/fast' failed
make: *** [cmTC_2949d/fast] Error 2


