[35m[1mScanning dependencies of target stomp_moveit[0m
[35m[1mScanning dependencies of target stomp_moveit_noisy_filters[0m
[  5%] [32mBuilding CXX object CMakeFiles/stomp_moveit_noisy_filters.dir/src/noisy_filters/joint_limits.cpp.o[0m
[ 10%] [32mBuilding CXX object CMakeFiles/stomp_moveit.dir/src/stomp_optimization_task.cpp.o[0m
[ 15%] [32mBuilding CXX object CMakeFiles/stomp_moveit_noisy_filters.dir/src/noisy_filters/multi_trajectory_visualization.cpp.o[0m
[35m[1mScanning dependencies of target stomp_moveit_cost_functions[0m
[ 20%] [32mBuilding CXX object CMakeFiles/stomp_moveit_cost_functions.dir/src/cost_functions/collision_check.cpp.o[0m
[ 25%] [32mBuilding CXX object CMakeFiles/stomp_moveit.dir/src/stomp_planner.cpp.o[0m
[ 30%] [32m[1mLinking CXX shared library /home/jyk/stomp_ws/devel/.private/stomp_moveit/lib/libstomp_moveit_noisy_filters.so[0m
[ 30%] Built target stomp_moveit_noisy_filters
[ 35%] [32mBuilding CXX object CMakeFiles/stomp_moveit_cost_functions.dir/src/cost_functions/obstacle_distance_gradient.cpp.o[0m
[ 40%] [32m[1mLinking CXX shared library /home/jyk/stomp_ws/devel/.private/stomp_moveit/lib/libstomp_moveit_cost_functions.so[0m
[ 40%] Built target stomp_moveit_cost_functions
[35m[1mScanning dependencies of target stomp_moveit_noise_generators[0m
[ 45%] [32mBuilding CXX object CMakeFiles/stomp_moveit_noise_generators.dir/src/noise_generators/normal_distribution_sampling.cpp.o[0m
[ 50%] [32m[1mLinking CXX shared library /home/jyk/stomp_ws/devel/.private/stomp_moveit/lib/libstomp_moveit_noise_generators.so[0m
[ 50%] Built target stomp_moveit_noise_generators
[35m[1mScanning dependencies of target stomp_moveit_update_filters[0m
[ 55%] [32mBuilding CXX object CMakeFiles/stomp_moveit_update_filters.dir/src/update_filters/polynomial_smoother.cpp.o[0m
[ 60%] [32mBuilding CXX object CMakeFiles/stomp_moveit.dir/src/utils/polynomial.cpp.o[0m
[ 65%] [32mBuilding CXX object CMakeFiles/stomp_moveit_update_filters.dir/src/update_filters/trajectory_visualization.cpp.o[0m
[ 70%] [32m[1mLinking CXX shared library /home/jyk/stomp_ws/devel/.private/stomp_moveit/lib/libstomp_moveit.so[0m
[ 70%] Built target stomp_moveit
[35m[1mScanning dependencies of target stomp_moveit_planner_manager[0m
[ 75%] [32mBuilding CXX object CMakeFiles/stomp_moveit_planner_manager.dir/src/stomp_planner_manager.cpp.o[0m
[ 80%] [32mBuilding CXX object CMakeFiles/stomp_moveit_update_filters.dir/src/update_filters/control_cost_projection.cpp.o[0m
[ 85%] [32m[1mLinking CXX shared library /home/jyk/stomp_ws/devel/.private/stomp_moveit/lib/libstomp_moveit_planner_manager.so[0m
[ 85%] Built target stomp_moveit_planner_manager
[ 90%] [32mBuilding CXX object CMakeFiles/stomp_moveit_update_filters.dir/src/update_filters/update_logger.cpp.o[0m
[ 95%] [32mBuilding CXX object CMakeFiles/stomp_moveit_update_filters.dir/src/utils/polynomial.cpp.o[0m
[100%] [32m[1mLinking CXX shared library /home/jyk/stomp_ws/devel/.private/stomp_moveit/lib/libstomp_moveit_update_filters.so[0m
[100%] Built target stomp_moveit_update_filters
