Determining if the pthread_create exist failed with the following output:
Change Dir: /home/jyk/stomp_ws/build/stomp_core/CMakeFiles/CMakeTmp

Run Build Command:"/usr/bin/make" "cmTC_c98bd/fast"
/usr/bin/make -f CMakeFiles/cmTC_c98bd.dir/build.make CMakeFiles/cmTC_c98bd.dir/build
make[1]: Entering directory '/home/jyk/stomp_ws/build/stomp_core/CMakeFiles/CMakeTmp'
Building C object CMakeFiles/cmTC_c98bd.dir/CheckSymbolExists.c.o
/usr/bin/cc     -o CMakeFiles/cmTC_c98bd.dir/CheckSymbolExists.c.o   -c /home/jyk/stomp_ws/build/stomp_core/CMakeFiles/CMakeTmp/CheckSymbolExists.c
Linking C executable cmTC_c98bd
/usr/bin/cmake -E cmake_link_script CMakeFiles/cmTC_c98bd.dir/link.txt --verbose=1
/usr/bin/cc       CMakeFiles/cmTC_c98bd.dir/CheckSymbolExists.c.o  -o cmTC_c98bd -rdynamic 
CMakeFiles/cmTC_c98bd.dir/CheckSymbolExists.c.o: In function `main':
CheckSymbolExists.c:(.text+0x16): undefined reference to `pthread_create'
collect2: error: ld returned 1 exit status
CMakeFiles/cmTC_c98bd.dir/build.make:97: recipe for target 'cmTC_c98bd' failed
make[1]: *** [cmTC_c98bd] Error 1
make[1]: Leaving directory '/home/jyk/stomp_ws/build/stomp_core/CMakeFiles/CMakeTmp'
Makefile:126: recipe for target 'cmTC_c98bd/fast' failed
make: *** [cmTC_c98bd/fast] Error 2

File /home/jyk/stomp_ws/build/stomp_core/CMakeFiles/CMakeTmp/CheckSymbolExists.c:
/* */
#include <pthread.h>

int main(int argc, char** argv)
{
  (void)argv;
#ifndef pthread_create
  return ((int*)(&pthread_create))[argc];
#else
  (void)argc;
  return 0;
#endif
}

Determining if the function pthread_create exists in the pthreads failed with the following output:
Change Dir: /home/jyk/stomp_ws/build/stomp_core/CMakeFiles/CMakeTmp

Run Build Command:"/usr/bin/make" "cmTC_11390/fast"
/usr/bin/make -f CMakeFiles/cmTC_11390.dir/build.make CMakeFiles/cmTC_11390.dir/build
make[1]: Entering directory '/home/jyk/stomp_ws/build/stomp_core/CMakeFiles/CMakeTmp'
Building C object CMakeFiles/cmTC_11390.dir/CheckFunctionExists.c.o
/usr/bin/cc    -DCHECK_FUNCTION_EXISTS=pthread_create   -o CMakeFiles/cmTC_11390.dir/CheckFunctionExists.c.o   -c /usr/share/cmake-3.5/Modules/CheckFunctionExists.c
Linking C executable cmTC_11390
/usr/bin/cmake -E cmake_link_script CMakeFiles/cmTC_11390.dir/link.txt --verbose=1
/usr/bin/cc   -DCHECK_FUNCTION_EXISTS=pthread_create    CMakeFiles/cmTC_11390.dir/CheckFunctionExists.c.o  -o cmTC_11390 -rdynamic -lpthreads 
/usr/bin/ld: cannot find -lpthreads
collect2: error: ld returned 1 exit status
CMakeFiles/cmTC_11390.dir/build.make:97: recipe for target 'cmTC_11390' failed
make[1]: *** [cmTC_11390] Error 1
make[1]: Leaving directory '/home/jyk/stomp_ws/build/stomp_core/CMakeFiles/CMakeTmp'
Makefile:126: recipe for target 'cmTC_11390/fast' failed
make: *** [cmTC_11390/fast] Error 2


