Symlinking /home/jyk/stomp_ws/devel/lib/libconstrained_ik_constraints.so
Symlinking /home/jyk/stomp_ws/devel/lib/libconstrained_ik.so
Symlinking /home/jyk/stomp_ws/devel/lib/libconstrained_ik_plugin.so
Symlinking /home/jyk/stomp_ws/devel/lib/libconstrained_ik_moveit.so
Symlinking /home/jyk/stomp_ws/devel/lib/libmoveit_clik_planner_plugin.so
Symlinking /home/jyk/stomp_ws/devel/lib/constrained_ik/avoid_joint_vel_limits_example
Symlinking /home/jyk/stomp_ws/devel/lib/constrained_ik/constraints_from_yaml_example
Symlinking /home/jyk/stomp_ws/devel/lib/constrained_ik/goal_tool_pointing_example
Symlinking /home/jyk/stomp_ws/devel/lib/constrained_ik/goal_tool_position_example
Symlinking /home/jyk/stomp_ws/devel/lib/constrained_ik/goal_position_example
Symlinking /home/jyk/stomp_ws/devel/lib/constrained_ik/avoid_obstacles_example
Symlinking /home/jyk/stomp_ws/devel/lib/constrained_ik/goal_minimize_change_example
Symlinking /home/jyk/stomp_ws/devel/lib/constrained_ik/avoid_singularities_example
Symlinking /home/jyk/stomp_ws/devel/lib/constrained_ik/goal_mid_joint_example
Symlinking /home/jyk/stomp_ws/devel/lib/constrained_ik/goal_tool_orientation_example
Symlinking /home/jyk/stomp_ws/devel/lib/constrained_ik/goal_orientation_example
Symlinking /home/jyk/stomp_ws/devel/lib/constrained_ik/avoid_joint_limits_example
Symlinking /home/jyk/stomp_ws/devel/lib/constrained_ik/goal_zero_jvel_example
Symlinking /home/jyk/stomp_ws/devel/lib/python2.7/dist-packages/constrained_ik/__init__.py
Symlinking /home/jyk/stomp_ws/devel/lib/python2.7/dist-packages/constrained_ik/cfg/CLIKPlannerDynamicConfig.py
Symlinking /home/jyk/stomp_ws/devel/lib/python2.7/dist-packages/constrained_ik/cfg/__init__.py
Symlinking /home/jyk/stomp_ws/devel/lib/python2.7/dist-packages/constrained_ik/cfg/CLIKDynamicConfig.py
Symlinking /home/jyk/stomp_ws/devel/lib/pkgconfig/constrained_ik.pc
Symlinking /home/jyk/stomp_ws/devel/include/constrained_ik/CLIKPlannerDynamicConfig.h
Symlinking /home/jyk/stomp_ws/devel/include/constrained_ik/CLIKDynamicConfig.h
Symlinking /home/jyk/stomp_ws/devel/share/constrained_ik/docs/CLIKPlannerDynamicConfig.dox
Symlinking /home/jyk/stomp_ws/devel/share/constrained_ik/docs/CLIKDynamicConfig-usage.dox
Symlinking /home/jyk/stomp_ws/devel/share/constrained_ik/docs/CLIKDynamicConfig.wikidoc
Symlinking /home/jyk/stomp_ws/devel/share/constrained_ik/docs/CLIKPlannerDynamicConfig.wikidoc
Symlinking /home/jyk/stomp_ws/devel/share/constrained_ik/docs/CLIKPlannerDynamicConfig-usage.dox
Symlinking /home/jyk/stomp_ws/devel/share/constrained_ik/docs/CLIKDynamicConfig.dox
Symlinking /home/jyk/stomp_ws/devel/share/constrained_ik/cmake/constrained_ikConfig-version.cmake
Symlinking /home/jyk/stomp_ws/devel/share/constrained_ik/cmake/constrained_ikConfig.cmake
