Determining if the pthread_create exist failed with the following output:
Change Dir: /home/jyk/stomp_ws/build/fake_ar_publisher/CMakeFiles/CMakeTmp

Run Build Command:"/usr/bin/make" "cmTC_29b1b/fast"
/usr/bin/make -f CMakeFiles/cmTC_29b1b.dir/build.make CMakeFiles/cmTC_29b1b.dir/build
make[1]: Entering directory '/home/jyk/stomp_ws/build/fake_ar_publisher/CMakeFiles/CMakeTmp'
Building C object CMakeFiles/cmTC_29b1b.dir/CheckSymbolExists.c.o
/usr/bin/cc     -o CMakeFiles/cmTC_29b1b.dir/CheckSymbolExists.c.o   -c /home/jyk/stomp_ws/build/fake_ar_publisher/CMakeFiles/CMakeTmp/CheckSymbolExists.c
Linking C executable cmTC_29b1b
/usr/bin/cmake -E cmake_link_script CMakeFiles/cmTC_29b1b.dir/link.txt --verbose=1
/usr/bin/cc       CMakeFiles/cmTC_29b1b.dir/CheckSymbolExists.c.o  -o cmTC_29b1b -rdynamic 
CMakeFiles/cmTC_29b1b.dir/CheckSymbolExists.c.o: In function `main':
CheckSymbolExists.c:(.text+0x16): undefined reference to `pthread_create'
collect2: error: ld returned 1 exit status
CMakeFiles/cmTC_29b1b.dir/build.make:97: recipe for target 'cmTC_29b1b' failed
make[1]: *** [cmTC_29b1b] Error 1
make[1]: Leaving directory '/home/jyk/stomp_ws/build/fake_ar_publisher/CMakeFiles/CMakeTmp'
Makefile:126: recipe for target 'cmTC_29b1b/fast' failed
make: *** [cmTC_29b1b/fast] Error 2

File /home/jyk/stomp_ws/build/fake_ar_publisher/CMakeFiles/CMakeTmp/CheckSymbolExists.c:
/* */
#include <pthread.h>

int main(int argc, char** argv)
{
  (void)argv;
#ifndef pthread_create
  return ((int*)(&pthread_create))[argc];
#else
  (void)argc;
  return 0;
#endif
}

Determining if the function pthread_create exists in the pthreads failed with the following output:
Change Dir: /home/jyk/stomp_ws/build/fake_ar_publisher/CMakeFiles/CMakeTmp

Run Build Command:"/usr/bin/make" "cmTC_33260/fast"
/usr/bin/make -f CMakeFiles/cmTC_33260.dir/build.make CMakeFiles/cmTC_33260.dir/build
make[1]: Entering directory '/home/jyk/stomp_ws/build/fake_ar_publisher/CMakeFiles/CMakeTmp'
Building C object CMakeFiles/cmTC_33260.dir/CheckFunctionExists.c.o
/usr/bin/cc    -DCHECK_FUNCTION_EXISTS=pthread_create   -o CMakeFiles/cmTC_33260.dir/CheckFunctionExists.c.o   -c /usr/share/cmake-3.5/Modules/CheckFunctionExists.c
Linking C executable cmTC_33260
/usr/bin/cmake -E cmake_link_script CMakeFiles/cmTC_33260.dir/link.txt --verbose=1
/usr/bin/cc   -DCHECK_FUNCTION_EXISTS=pthread_create    CMakeFiles/cmTC_33260.dir/CheckFunctionExists.c.o  -o cmTC_33260 -rdynamic -lpthreads 
/usr/bin/ld: cannot find -lpthreads
collect2: error: ld returned 1 exit status
CMakeFiles/cmTC_33260.dir/build.make:97: recipe for target 'cmTC_33260' failed
make[1]: *** [cmTC_33260] Error 1
make[1]: Leaving directory '/home/jyk/stomp_ws/build/fake_ar_publisher/CMakeFiles/CMakeTmp'
Makefile:126: recipe for target 'cmTC_33260/fast' failed
make: *** [cmTC_33260/fast] Error 2


